Build started 22-10-2018 21:25:37.
     1>Project "T:\PROJECTS\Coding\BILLING\BillIng\BillIng.vcxproj" on node 2 (build target(s)).
     1>InitializeBuildStatus:
         Creating "Debug\BillIng.unsuccessfulbuild" because "AlwaysCreate" was specified.
       GenerateTargetFrameworkMonikerAttribute:
       Skipping target "GenerateTargetFrameworkMonikerAttribute" because all output files are up-to-date with respect to the input files.
       ClCompile:
         All outputs are up-to-date.
         D:\MS Visual Studio 2010\VC\bin\CL.exe /c /AI"C:\Program Files (x86)\Reference Assemblies\Microsoft\Framework\.NETFramework\v4.0" /Zi /clr:pure /nologo /W3 /WX- /Od /Oy- /D WIN32 /D _DEBUG /D _UNICODE /D UNICODE /EHa /MDd /GS /fp:precise /Zc:wchar_t /Zc:forScope /Yu"StdAfx.h" /Fp"Debug\BillIng.pch" /Fo"Debug\\" /Fd"Debug\vc100.pdb" /TP /FU"C:\Program Files (x86)\MySQL\MySQL Connector Net 6.9.12\Assemblies\v4.0\MySql.Data.dll" /FU"C:\Program Files (x86)\Reference Assemblies\Microsoft\Framework\.NETFramework\v4.0\System.Core.dll" /FU"C:\Program Files (x86)\Reference Assemblies\Microsoft\Framework\.NETFramework\v4.0\System.Data.dll" /FU"C:\Program Files (x86)\Reference Assemblies\Microsoft\Framework\.NETFramework\v4.0\System.dll" /FU"C:\Program Files (x86)\Reference Assemblies\Microsoft\Framework\.NETFramework\v4.0\System.Drawing.dll" /FU"C:\Program Files (x86)\Reference Assemblies\Microsoft\Framework\.NETFramework\v4.0\System.Windows.Forms.dll" /FU"C:\Program Files (x86)\Reference Assemblies\Microsoft\Framework\.NETFramework\v4.0\System.Xml.dll" /analyze- /errorReport:prompt Bill.cpp BillIng.cpp /clr:nostdlib 
         Bill.cpp
         BillIng.cpp
         Generating Code...
         All outputs are up-to-date.
       CoreResGen:
         No resources are out of date with respect to their source files. Skipping resource generation.
       ResourceCompile:
         All outputs are up-to-date.
       Link:
         D:\MS Visual Studio 2010\VC\bin\link.exe /ERRORREPORT:PROMPT /OUT:"T:\PROJECTS\Coding\BillIng\Debug\BillIng.exe" /INCREMENTAL /NOLOGO /ASSEMBLYRESOURCE:Debug\BillIng.Add_Item.resources /ASSEMBLYRESOURCE:Debug\BillIng.Bill.resources /ASSEMBLYRESOURCE:Debug\BillIng.Form1.resources /ASSEMBLYRESOURCE:Debug\BillIng.Inventory.resources /ASSEMBLYRESOURCE:Debug\BillIng.PreviousBills.resources /MANIFEST /ManifestFile:"Debug\BillIng.exe.intermediate.manifest" /MANIFESTUAC:"level='asInvoker' uiAccess='false'" /DEBUG /PDB:"T:\PROJECTS\Coding\BillIng\Debug\BillIng.pdb" /ASSEMBLYDEBUG /SUBSYSTEM:WINDOWS /TLBID:1 /ENTRY:"main" /DYNAMICBASE /FIXED:NO /NXCOMPAT /MACHINE:X86 Debug\app.res
         Debug\Add_Item.obj
         Debug\AssemblyInfo.obj
         Debug\Bill.obj
         Debug\BillIng.obj
         Debug\Inventory.obj
         Debug\PreviousBills.obj
         Debug\stdafx.obj
         "Debug\.NETFramework,Version=v4.0.AssemblyAttributes.obj"
         BillIng.vcxproj -> T:\PROJECTS\Coding\BillIng\Debug\BillIng.exe
       Manifest:
         C:\Program Files (x86)\Microsoft SDKs\Windows\v7.0A\bin\mt.exe /nologo /verbose /outputresource:"T:\PROJECTS\Coding\BillIng\Debug\BillIng.exe;#1" /manifest Debug\BillIng.exe.intermediate.manifest
       FinalizeBuildStatus:
         Deleting file "Debug\BillIng.unsuccessfulbuild".
         Touching "Debug\BillIng.lastbuildstate".
     1>Done Building Project "T:\PROJECTS\Coding\BILLING\BillIng\BillIng.vcxproj" (build target(s)).

Build succeeded.

Time Elapsed 00:00:02.28
